<?xml version="1.0" encoding="UTF-8" ?>
<testsuite tests="1" failures="0" name="com.soytn1ce.attach.AppTest" time="0.002" errors="0" skipped="0">
  <properties>
    <property name="java.runtime.name" value="Java(TM) SE Runtime Environment"/>
    <property name="sun.boot.library.path" value="D:\JAVA\java18\jre\bin"/>
    <property name="java.vm.version" value="25.311-b11"/>
    <property name="user.country.format" value="IE"/>
    <property name="java.vm.vendor" value="Oracle Corporation"/>
    <property name="maven.multiModuleProjectDirectory" value="D:\JAVA\java-project\attachTest"/>
    <property name="java.vendor.url" value="http://java.oracle.com/"/>
    <property name="path.separator" value=";"/>
    <property name="guice.disable.misplaced.annotation.check" value="true"/>
    <property name="java.vm.name" value="Java HotSpot(TM) Client VM"/>
    <property name="file.encoding.pkg" value="sun.io"/>
    <property name="user.script" value=""/>
    <property name="user.country" value="CN"/>
    <property name="sun.java.launcher" value="SUN_STANDARD"/>
    <property name="sun.os.patch.level" value=""/>
    <property name="java.vm.specification.name" value="Java Virtual Machine Specification"/>
    <property name="user.dir" value="D:\JAVA\java-project\attachTest"/>
    <property name="java.runtime.version" value="1.8.0_311-b11"/>
    <property name="java.awt.graphicsenv" value="sun.awt.Win32GraphicsEnvironment"/>
    <property name="java.endorsed.dirs" value="D:\JAVA\java18\jre\lib\endorsed"/>
    <property name="os.arch" value="x86"/>
    <property name="java.io.tmpdir" value="C:\Users\soytnice\AppData\Local\Temp\"/>
    <property name="line.separator" value="
"/>
    <property name="java.vm.specification.vendor" value="Oracle Corporation"/>
    <property name="user.variant" value=""/>
    <property name="os.name" value="Windows 10"/>
    <property name="classworlds.conf" value="D:\JAVA\apache-maven-3.8.4\bin\m2.conf"/>
    <property name="sun.jnu.encoding" value="GBK"/>
    <property name="java.library.path" value="D:\JAVA\java18\bin;C:\WINDOWS\Sun\Java\bin;C:\WINDOWS\system32;C:\WINDOWS;C:\Program Files\Microsoft\jdk-11.0.16.101-hotspot\bin;D:\JAVA\java18\bin;C:\Program Files (x86)\Common Files\Oracle\Java\javapath;D:\tools\bin\;D:\source\python3.7\Scripts\;D:\source\python3.7\;D:;source\python2.7;C:\Windows\system32;C:\Windows;C:\Windows\System32\Wbem;C:\Windows\System32\WindowsPowerShell\v1.0\;C:\Windows\System32\OpenSSH\;C:\Program Files\Microsoft SQL Server\150\Tools\Binn\;C:\Program Files\Microsoft SQL Server\Client SDK\ODBC\170\Tools\Binn\;C:\Program Files\dotnet\;D:\tools\mysql-5.7.29-winx64\mysql-5.7.29-winx64\bin;D:\JAVA\apache-maven-3.8.4\bin;D:\source\nodejs;D:\source\nodejs\;C:\WINDOWS\system32;C:\WINDOWS;C:\WINDOWS\System32\Wbem;C:\WINDOWS\System32\WindowsPowerShell\v1.0\;C:\WINDOWS\System32\OpenSSH\;D:\编译器\w64devkit\bin;;;;D:\tools\Git\cmd;C:\Users\soytnice\AppData\Local\Microsoft\WindowsApps;D:\编译器\PyCharm Community Edition 2021.2.3\bin;D:\编译器\IntelliJ IDEA Community Edition 2021.2.3\bin;C:\Users\soytnice\.dotnet\tools;C:\Users\soytnice\AppData\Roaming\npm;D:\tools\Microsoft VS Code\bin;D:\code\codeql;D:\code\codeql-cli;D:\编译器\IntelliJ IDEA 2022.3.2\bin;D:\编译器\CLion 2022.3.2\bin;D:\编译器\w64devkit\bin\;."/>
    <property name="maven.conf" value="D:\JAVA\apache-maven-3.8.4/conf"/>
    <property name="java.specification.name" value="Java Platform API Specification"/>
    <property name="java.class.version" value="52.0"/>
    <property name="sun.management.compiler" value="HotSpot Client Compiler"/>
    <property name="os.version" value="10.0"/>
    <property name="library.jansi.path" value="D:\JAVA\apache-maven-3.8.4\lib\jansi-native"/>
    <property name="user.home" value="C:\Users\soytnice"/>
    <property name="user.timezone" value="Asia/Shanghai"/>
    <property name="java.awt.printerjob" value="sun.awt.windows.WPrinterJob"/>
    <property name="java.specification.version" value="1.8"/>
    <property name="file.encoding" value="GBK"/>
    <property name="user.name" value="soytnice"/>
    <property name="java.class.path" value="D:\JAVA\apache-maven-3.8.4\boot\plexus-classworlds-2.6.0.jar"/>
    <property name="java.vm.specification.version" value="1.8"/>
    <property name="sun.arch.data.model" value="32"/>
    <property name="java.home" value="D:\JAVA\java18\jre"/>
    <property name="sun.java.command" value="org.codehaus.plexus.classworlds.launcher.Launcher package"/>
    <property name="java.specification.vendor" value="Oracle Corporation"/>
    <property name="user.language" value="zh"/>
    <property name="user.language.format" value="en"/>
    <property name="awt.toolkit" value="sun.awt.windows.WToolkit"/>
    <property name="java.vm.info" value="mixed mode"/>
    <property name="java.version" value="1.8.0_311"/>
    <property name="java.ext.dirs" value="D:\JAVA\java18\jre\lib\ext;C:\WINDOWS\Sun\Java\lib\ext"/>
    <property name="sun.boot.class.path" value="D:\JAVA\java18\jre\lib\resources.jar;D:\JAVA\java18\jre\lib\rt.jar;D:\JAVA\java18\jre\lib\sunrsasign.jar;D:\JAVA\java18\jre\lib\jsse.jar;D:\JAVA\java18\jre\lib\jce.jar;D:\JAVA\java18\jre\lib\charsets.jar;D:\JAVA\java18\jre\lib\jfr.jar;D:\JAVA\java18\jre\classes"/>
    <property name="sun.stderr.encoding" value="ms936"/>
    <property name="java.vendor" value="Oracle Corporation"/>
    <property name="maven.home" value="D:\JAVA\apache-maven-3.8.4"/>
    <property name="file.separator" value="\"/>
    <property name="java.vendor.url.bug" value="http://bugreport.sun.com/bugreport/"/>
    <property name="sun.cpu.endian" value="little"/>
    <property name="sun.io.unicode.encoding" value="UnicodeLittle"/>
    <property name="sun.stdout.encoding" value="ms936"/>
    <property name="sun.desktop" value="windows"/>
    <property name="sun.cpu.isalist" value=""/>
  </properties>
  <testcase classname="com.soytn1ce.attach.AppTest" name="testApp" time="0.002"/>
</testsuite>